/home/augustthomasen/miniconda3/envs/PUKenv/bin/quast.py SPAdes_Dryas_octopetala_long_10_depth.fasta SPAdes_Dryas_octopetala_long_15_depth.fasta SPAdes_Dryas_octopetala_long_20_depth.fasta SPAdes_Dryas_octopetala_long_30_depth.fasta -r Dryas_octopetala_plstd.fasta -o SPAdes_Dryas_plstd_long_quast_5-30

Version: 5.2.0

System information:
  OS: Linux-6.6.87.2-microsoft-standard-WSL2-x86_64-with-glibc2.35 (linux_64)
  Python version: 3.9.0
  CPUs number: 16

Started: 2025-10-29 15:07:34

Logging to /home/augustthomasen/SIM/SPAdes_Dryas_plstd_long_quast_5-30/quast.log
NOTICE: Maximum number of threads is set to 4 (use --threads option to set it manually)

CWD: /home/augustthomasen/SIM
Main parameters: 
  MODE: default, threads: 4, min contig length: 500, min alignment length: 65, min alignment IDY: 95.0, \
  ambiguity: one, min local misassembly length: 200, min extensive misassembly length: 1000

WARNING: Can't draw plots: python-matplotlib is missing or corrupted.

Reference:
  /home/augustthomasen/SIM/Dryas_octopetala_plstd.fasta ==> Dryas_octopetala_plstd

Contigs:
  Pre-processing...
  1  SPAdes_Dryas_octopetala_long_10_depth.fasta ==> SPAdes_Dryas_octopetala_long_10_depth
  2  SPAdes_Dryas_octopetala_long_15_depth.fasta ==> SPAdes_Dryas_octopetala_long_15_depth
  3  SPAdes_Dryas_octopetala_long_20_depth.fasta ==> SPAdes_Dryas_octopetala_long_20_depth
  4  SPAdes_Dryas_octopetala_long_30_depth.fasta ==> SPAdes_Dryas_octopetala_long_30_depth

2025-10-29 15:07:34
Running Basic statistics processor...
  Reference genome:
    Dryas_octopetala_plstd.fasta, length = 158178, num fragments = 1, GC % = 36.48
  Contig files: 
    1  SPAdes_Dryas_octopetala_long_10_depth
    2  SPAdes_Dryas_octopetala_long_15_depth
    3  SPAdes_Dryas_octopetala_long_20_depth
    4  SPAdes_Dryas_octopetala_long_30_depth
  Calculating N50 and L50...
    1  SPAdes_Dryas_octopetala_long_10_depth, N50 = 967, L50 = 17, auN = 7344.9, Total length = 83901, GC % = 36.51, # N's per 100 kbp =  0.00
    2  SPAdes_Dryas_octopetala_long_15_depth, N50 = 2802, L50 = 11, auN = 7111.7, Total length = 123956, GC % = 35.18, # N's per 100 kbp =  0.00
    3  SPAdes_Dryas_octopetala_long_20_depth, N50 = 9287, L50 = 5, auN = 9956.9, Total length = 131380, GC % = 35.23, # N's per 100 kbp =  0.00
    4  SPAdes_Dryas_octopetala_long_30_depth, N50 = 38669, L50 = 2, auN = 34655.7, Total length = 131770, GC % = 35.25, # N's per 100 kbp =  0.00
Done.

2025-10-29 15:07:34
Running Contig analyzer...
  1  SPAdes_Dryas_octopetala_long_10_depth
  1  Logging to files /home/augustthomasen/SIM/SPAdes_Dryas_plstd_long_quast_5-30/contigs_reports/contigs_report_SPAdes_Dryas_octopetala_long_10_depth.stdout and contigs_report_SPAdes_Dryas_octopetala_long_10_depth.stderr...
  2  SPAdes_Dryas_octopetala_long_15_depth
  1  Aligning contigs to the reference
  4  SPAdes_Dryas_octopetala_long_30_depth
  2  Logging to files /home/augustthomasen/SIM/SPAdes_Dryas_plstd_long_quast_5-30/contigs_reports/contigs_report_SPAdes_Dryas_octopetala_long_15_depth.stdout and contigs_report_SPAdes_Dryas_octopetala_long_15_depth.stderr...
  2  Aligning contigs to the reference
  3  SPAdes_Dryas_octopetala_long_20_depth
  3  Logging to files /home/augustthomasen/SIM/SPAdes_Dryas_plstd_long_quast_5-30/contigs_reports/contigs_report_SPAdes_Dryas_octopetala_long_20_depth.stdout and contigs_report_SPAdes_Dryas_octopetala_long_20_depth.stderr...
  4  Logging to files /home/augustthomasen/SIM/SPAdes_Dryas_plstd_long_quast_5-30/contigs_reports/contigs_report_SPAdes_Dryas_octopetala_long_30_depth.stdout and contigs_report_SPAdes_Dryas_octopetala_long_30_depth.stderr...
  3  Aligning contigs to the reference
  4  Aligning contigs to the reference
  1  /home/augustthomasen/miniconda3/envs/PUKenv/lib/python3.9/site-packages/quast_libs/minimap2/minimap2 \
     -c -x asm10 -B5 -O4,16 --no-long-join -r 200 -N 50 -s 65 -z 200 --mask-level \
     0.9 --min-occ 200 -g 2500 --score-N 2 --cs -t 1 SPAdes_Dryas_plstd_long_quast_5-30/quast_corrected_input/Dryas_octopetala_plstd.fasta \
     SPAdes_Dryas_plstd_long_quast_5-30/quast_corrected_input/SPAdes_Dryas_octopetala_long_10_depth.fasta \
     > SPAdes_Dryas_plstd_long_quast_5-30/contigs_reports/minimap_output/SPAdes_Dryas_octopetala_long_10_depth.coords_tmp \
     2>> SPAdes_Dryas_plstd_long_quast_5-30/contigs_reports/contigs_report_SPAdes_Dryas_octopetala_long_10_depth.stderr
  3  /home/augustthomasen/miniconda3/envs/PUKenv/lib/python3.9/site-packages/quast_libs/minimap2/minimap2 \
     -c -x asm10 -B5 -O4,16 --no-long-join -r 200 -N 50 -s 65 -z 200 --mask-level \
     0.9 --min-occ 200 -g 2500 --score-N 2 --cs -t 1 SPAdes_Dryas_plstd_long_quast_5-30/quast_corrected_input/Dryas_octopetala_plstd.fasta \
     SPAdes_Dryas_plstd_long_quast_5-30/quast_corrected_input/SPAdes_Dryas_octopetala_long_20_depth.fasta \
     > SPAdes_Dryas_plstd_long_quast_5-30/contigs_reports/minimap_output/SPAdes_Dryas_octopetala_long_20_depth.coords_tmp \
     2>> SPAdes_Dryas_plstd_long_quast_5-30/contigs_reports/contigs_report_SPAdes_Dryas_octopetala_long_20_depth.stderr
  2  /home/augustthomasen/miniconda3/envs/PUKenv/lib/python3.9/site-packages/quast_libs/minimap2/minimap2 \
     -c -x asm10 -B5 -O4,16 --no-long-join -r 200 -N 50 -s 65 -z 200 --mask-level \
     0.9 --min-occ 200 -g 2500 --score-N 2 --cs -t 1 SPAdes_Dryas_plstd_long_quast_5-30/quast_corrected_input/Dryas_octopetala_plstd.fasta \
     SPAdes_Dryas_plstd_long_quast_5-30/quast_corrected_input/SPAdes_Dryas_octopetala_long_15_depth.fasta \
     > SPAdes_Dryas_plstd_long_quast_5-30/contigs_reports/minimap_output/SPAdes_Dryas_octopetala_long_15_depth.coords_tmp \
     2>> SPAdes_Dryas_plstd_long_quast_5-30/contigs_reports/contigs_report_SPAdes_Dryas_octopetala_long_15_depth.stderr
  4  /home/augustthomasen/miniconda3/envs/PUKenv/lib/python3.9/site-packages/quast_libs/minimap2/minimap2 \
     -c -x asm10 -B5 -O4,16 --no-long-join -r 200 -N 50 -s 65 -z 200 --mask-level \
     0.9 --min-occ 200 -g 2500 --score-N 2 --cs -t 1 SPAdes_Dryas_plstd_long_quast_5-30/quast_corrected_input/Dryas_octopetala_plstd.fasta \
     SPAdes_Dryas_plstd_long_quast_5-30/quast_corrected_input/SPAdes_Dryas_octopetala_long_30_depth.fasta \
     > SPAdes_Dryas_plstd_long_quast_5-30/contigs_reports/minimap_output/SPAdes_Dryas_octopetala_long_30_depth.coords_tmp \
     2>> SPAdes_Dryas_plstd_long_quast_5-30/contigs_reports/contigs_report_SPAdes_Dryas_octopetala_long_30_depth.stderr
  1  Analysis is finished.

  2  Analysis is finished.

  4  Analysis is finished.

  3  Analysis is finished.

  Creating total report...
    saved to /home/augustthomasen/SIM/SPAdes_Dryas_plstd_long_quast_5-30/contigs_reports/misassemblies_report.txt, misassemblies_report.tsv, and misassemblies_report.tex
  Transposed version of total report...
    saved to /home/augustthomasen/SIM/SPAdes_Dryas_plstd_long_quast_5-30/contigs_reports/transposed_report_misassemblies.txt, transposed_report_misassemblies.tsv, and transposed_report_misassemblies.tex
  Creating total report...
    saved to /home/augustthomasen/SIM/SPAdes_Dryas_plstd_long_quast_5-30/contigs_reports/unaligned_report.txt, unaligned_report.tsv, and unaligned_report.tex
Done.

2025-10-29 15:07:35
Running NA-NGA calculation...
  1  SPAdes_Dryas_octopetala_long_10_depth, Largest alignment = 23694, NA50 = 967, NGA50 = 563, LA50 = 17, LGA50 = 69
  2  SPAdes_Dryas_octopetala_long_15_depth, Largest alignment = 25059, NA50 = 2801, NGA50 = 2206, LA50 = 11, LGA50 = 18
  3  SPAdes_Dryas_octopetala_long_20_depth, Largest alignment = 20997, NA50 = 9286, NGA50 = 7597, LA50 = 5, LGA50 = 7
  4  SPAdes_Dryas_octopetala_long_30_depth, Largest alignment = 48891, NA50 = 38668, NGA50 = 38668, LA50 = 2, LGA50 = 2
Done.

2025-10-29 15:07:35
Running Genome analyzer...
  NOTICE: No file with genomic features were provided. Use the --features option if you want to specify it.

  NOTICE: No file with operons were provided. Use the -O option if you want to specify it.
  1  SPAdes_Dryas_octopetala_long_10_depth
  3  SPAdes_Dryas_octopetala_long_20_depth
  2  SPAdes_Dryas_octopetala_long_15_depth
  4  SPAdes_Dryas_octopetala_long_30_depth
  2  Analysis is finished.
  3  Analysis is finished.
  1  Analysis is finished.
  4  Analysis is finished.
Done.

NOTICE: Genes are not predicted by default. Use --gene-finding or --glimmer option to enable it.

2025-10-29 15:07:35
Creating large visual summaries...
This may take a while: press Ctrl-C to skip this step..
  1 of 1: Creating Icarus viewers...
Done

2025-10-29 15:07:35
RESULTS:
  Text versions of total report are saved to /home/augustthomasen/SIM/SPAdes_Dryas_plstd_long_quast_5-30/report.txt, report.tsv, and report.tex
  Text versions of transposed total report are saved to /home/augustthomasen/SIM/SPAdes_Dryas_plstd_long_quast_5-30/transposed_report.txt, transposed_report.tsv, and transposed_report.tex
  HTML version (interactive tables and plots) is saved to /home/augustthomasen/SIM/SPAdes_Dryas_plstd_long_quast_5-30/report.html
  Icarus (contig browser) is saved to /home/augustthomasen/SIM/SPAdes_Dryas_plstd_long_quast_5-30/icarus.html
  Log is saved to /home/augustthomasen/SIM/SPAdes_Dryas_plstd_long_quast_5-30/quast.log

Finished: 2025-10-29 15:07:35
Elapsed time: 0:00:01.220626
NOTICEs: 4; WARNINGs: 2; non-fatal ERRORs: 0

Thank you for using QUAST!
