/home/augustthomasen/miniconda3/envs/PUKenv/bin/quast.py CarpeDeam_Dryas_octopetala_1000_depth.fasta CarpeDeam_Dryas_octopetala_500_depth.fasta CarpeDeam_Dryas_octopetala_250_depth.fasta CarpeDeam_Dryas_octopetala_100_depth.fasta CarpeDeam_Dryas_octopetala_50_depth.fasta CarpeDeam_Dryas_octopetala_20_depth.fasta -r Dryas_octopetala.fasta -o CarpeDeam_Dryas_octopetala_quast

Version: 5.2.0

System information:
  OS: Linux-5.15.167.4-microsoft-standard-WSL2-x86_64-with-glibc2.35 (linux_64)
  Python version: 3.9.0
  CPUs number: 16

Started: 2025-02-17 15:50:08

Logging to /home/augustthomasen/SIM/CarpeDeam_Dryas_octopetala_quast/quast.log
NOTICE: Maximum number of threads is set to 4 (use --threads option to set it manually)

CWD: /home/augustthomasen/SIM
Main parameters: 
  MODE: default, threads: 4, min contig length: 500, min alignment length: 65, min alignment IDY: 95.0, \
  ambiguity: one, min local misassembly length: 200, min extensive misassembly length: 1000

WARNING: Can't draw plots: python-matplotlib is missing or corrupted.

Reference:
  /home/augustthomasen/SIM/Dryas_octopetala.fasta ==> Dryas_octopetala

Contigs:
  Pre-processing...
  1  CarpeDeam_Dryas_octopetala_1000_depth.fasta ==> CarpeDeam_Dryas_octopetala_1000_depth
  2  CarpeDeam_Dryas_octopetala_500_depth.fasta ==> CarpeDeam_Dryas_octopetala_500_depth
  3  CarpeDeam_Dryas_octopetala_250_depth.fasta ==> CarpeDeam_Dryas_octopetala_250_depth
  4  CarpeDeam_Dryas_octopetala_100_depth.fasta ==> CarpeDeam_Dryas_octopetala_100_depth
  5  CarpeDeam_Dryas_octopetala_50_depth.fasta ==> CarpeDeam_Dryas_octopetala_50_depth
  6  CarpeDeam_Dryas_octopetala_20_depth.fasta ==> CarpeDeam_Dryas_octopetala_20_depth

2025-02-17 15:50:08
Running Basic statistics processor...
  Reference genome:
    Dryas_octopetala.fasta, length = 158178, num fragments = 1, GC % = 36.48
  Contig files: 
    1  CarpeDeam_Dryas_octopetala_1000_depth
    2  CarpeDeam_Dryas_octopetala_500_depth
    3  CarpeDeam_Dryas_octopetala_250_depth
    4  CarpeDeam_Dryas_octopetala_100_depth
    5  CarpeDeam_Dryas_octopetala_50_depth
    6  CarpeDeam_Dryas_octopetala_20_depth
  Calculating N50 and L50...
    1  CarpeDeam_Dryas_octopetala_1000_depth, N50 = 948, L50 = 73, auN = 1030.5, Total length = 182260, GC % = 33.99, # N's per 100 kbp =  0.00
    2  CarpeDeam_Dryas_octopetala_500_depth, N50 = 951, L50 = 83, auN = 1014.2, Total length = 205826, GC % = 35.04, # N's per 100 kbp =  0.00
    3  CarpeDeam_Dryas_octopetala_250_depth, N50 = 898, L50 = 89, auN = 979.8, Total length = 212509, GC % = 34.79, # N's per 100 kbp =  0.00
    4  CarpeDeam_Dryas_octopetala_100_depth, N50 = 822, L50 = 84, auN = 866.4, Total length = 172957, GC % = 34.80, # N's per 100 kbp =  0.00
    5  CarpeDeam_Dryas_octopetala_50_depth, N50 = 739, L50 = 58, auN = 781.9, Total length = 105513, GC % = 34.97, # N's per 100 kbp =  0.00
    6  CarpeDeam_Dryas_octopetala_20_depth, N50 = 628, L50 = 6, auN = 641.2, Total length = 8193, GC % = 40.12, # N's per 100 kbp =  0.00
Done.

2025-02-17 15:50:08
Running Contig analyzer...
  1  CarpeDeam_Dryas_octopetala_1000_depth
  3  CarpeDeam_Dryas_octopetala_250_depth
  1  Logging to files /home/augustthomasen/SIM/CarpeDeam_Dryas_octopetala_quast/contigs_reports/contigs_report_CarpeDeam_Dryas_octopetala_1000_depth.stdout and contigs_report_CarpeDeam_Dryas_octopetala_1000_depth.stderr...
  3  Logging to files /home/augustthomasen/SIM/CarpeDeam_Dryas_octopetala_quast/contigs_reports/contigs_report_CarpeDeam_Dryas_octopetala_250_depth.stdout and contigs_report_CarpeDeam_Dryas_octopetala_250_depth.stderr...
  1  Aligning contigs to the reference
  4  CarpeDeam_Dryas_octopetala_100_depth
  3  Aligning contigs to the reference
  4  Logging to files /home/augustthomasen/SIM/CarpeDeam_Dryas_octopetala_quast/contigs_reports/contigs_report_CarpeDeam_Dryas_octopetala_100_depth.stdout and contigs_report_CarpeDeam_Dryas_octopetala_100_depth.stderr...
  4  Aligning contigs to the reference
  2  CarpeDeam_Dryas_octopetala_500_depth
  2  Logging to files /home/augustthomasen/SIM/CarpeDeam_Dryas_octopetala_quast/contigs_reports/contigs_report_CarpeDeam_Dryas_octopetala_500_depth.stdout and contigs_report_CarpeDeam_Dryas_octopetala_500_depth.stderr...
  2  Aligning contigs to the reference
  1  /home/augustthomasen/miniconda3/envs/PUKenv/lib/python3.9/site-packages/quast_libs/minimap2/minimap2 \
     -c -x asm10 -B5 -O4,16 --no-long-join -r 200 -N 50 -s 65 -z 200 --mask-level \
     0.9 --min-occ 200 -g 2500 --score-N 2 --cs -t 1 CarpeDeam_Dryas_octopetala_quast/quast_corrected_input/Dryas_octopetala.fasta \
     CarpeDeam_Dryas_octopetala_quast/quast_corrected_input/CarpeDeam_Dryas_octopetala_1000_depth.fasta \
     > CarpeDeam_Dryas_octopetala_quast/contigs_reports/minimap_output/CarpeDeam_Dryas_octopetala_1000_depth.coords_tmp \
     2>> CarpeDeam_Dryas_octopetala_quast/contigs_reports/contigs_report_CarpeDeam_Dryas_octopetala_1000_depth.stderr
  4  /home/augustthomasen/miniconda3/envs/PUKenv/lib/python3.9/site-packages/quast_libs/minimap2/minimap2 \
     -c -x asm10 -B5 -O4,16 --no-long-join -r 200 -N 50 -s 65 -z 200 --mask-level \
     0.9 --min-occ 200 -g 2500 --score-N 2 --cs -t 1 CarpeDeam_Dryas_octopetala_quast/quast_corrected_input/Dryas_octopetala.fasta \
     CarpeDeam_Dryas_octopetala_quast/quast_corrected_input/CarpeDeam_Dryas_octopetala_100_depth.fasta \
     > CarpeDeam_Dryas_octopetala_quast/contigs_reports/minimap_output/CarpeDeam_Dryas_octopetala_100_depth.coords_tmp \
     2>> CarpeDeam_Dryas_octopetala_quast/contigs_reports/contigs_report_CarpeDeam_Dryas_octopetala_100_depth.stderr
  2  /home/augustthomasen/miniconda3/envs/PUKenv/lib/python3.9/site-packages/quast_libs/minimap2/minimap2 \
     -c -x asm10 -B5 -O4,16 --no-long-join -r 200 -N 50 -s 65 -z 200 --mask-level \
     0.9 --min-occ 200 -g 2500 --score-N 2 --cs -t 1 CarpeDeam_Dryas_octopetala_quast/quast_corrected_input/Dryas_octopetala.fasta \
     CarpeDeam_Dryas_octopetala_quast/quast_corrected_input/CarpeDeam_Dryas_octopetala_500_depth.fasta \
     > CarpeDeam_Dryas_octopetala_quast/contigs_reports/minimap_output/CarpeDeam_Dryas_octopetala_500_depth.coords_tmp \
     2>> CarpeDeam_Dryas_octopetala_quast/contigs_reports/contigs_report_CarpeDeam_Dryas_octopetala_500_depth.stderr
  3  /home/augustthomasen/miniconda3/envs/PUKenv/lib/python3.9/site-packages/quast_libs/minimap2/minimap2 \
     -c -x asm10 -B5 -O4,16 --no-long-join -r 200 -N 50 -s 65 -z 200 --mask-level \
     0.9 --min-occ 200 -g 2500 --score-N 2 --cs -t 1 CarpeDeam_Dryas_octopetala_quast/quast_corrected_input/Dryas_octopetala.fasta \
     CarpeDeam_Dryas_octopetala_quast/quast_corrected_input/CarpeDeam_Dryas_octopetala_250_depth.fasta \
     > CarpeDeam_Dryas_octopetala_quast/contigs_reports/minimap_output/CarpeDeam_Dryas_octopetala_250_depth.coords_tmp \
     2>> CarpeDeam_Dryas_octopetala_quast/contigs_reports/contigs_report_CarpeDeam_Dryas_octopetala_250_depth.stderr
  1  Analysis is finished.

  5  CarpeDeam_Dryas_octopetala_50_depth
  5  Logging to files /home/augustthomasen/SIM/CarpeDeam_Dryas_octopetala_quast/contigs_reports/contigs_report_CarpeDeam_Dryas_octopetala_50_depth.stdout and contigs_report_CarpeDeam_Dryas_octopetala_50_depth.stderr...
  5  Aligning contigs to the reference
  5  /home/augustthomasen/miniconda3/envs/PUKenv/lib/python3.9/site-packages/quast_libs/minimap2/minimap2 \
     -c -x asm10 -B5 -O4,16 --no-long-join -r 200 -N 50 -s 65 -z 200 --mask-level \
     0.9 --min-occ 200 -g 2500 --score-N 2 --cs -t 1 CarpeDeam_Dryas_octopetala_quast/quast_corrected_input/Dryas_octopetala.fasta \
     CarpeDeam_Dryas_octopetala_quast/quast_corrected_input/CarpeDeam_Dryas_octopetala_50_depth.fasta \
     > CarpeDeam_Dryas_octopetala_quast/contigs_reports/minimap_output/CarpeDeam_Dryas_octopetala_50_depth.coords_tmp \
     2>> CarpeDeam_Dryas_octopetala_quast/contigs_reports/contigs_report_CarpeDeam_Dryas_octopetala_50_depth.stderr
  4  Analysis is finished.

  2  Analysis is finished.

  6  CarpeDeam_Dryas_octopetala_20_depth
  6  Logging to files /home/augustthomasen/SIM/CarpeDeam_Dryas_octopetala_quast/contigs_reports/contigs_report_CarpeDeam_Dryas_octopetala_20_depth.stdout and contigs_report_CarpeDeam_Dryas_octopetala_20_depth.stderr...
  6  Aligning contigs to the reference
  6  /home/augustthomasen/miniconda3/envs/PUKenv/lib/python3.9/site-packages/quast_libs/minimap2/minimap2 \
     -c -x asm10 -B5 -O4,16 --no-long-join -r 200 -N 50 -s 65 -z 200 --mask-level \
     0.9 --min-occ 200 -g 2500 --score-N 2 --cs -t 1 CarpeDeam_Dryas_octopetala_quast/quast_corrected_input/Dryas_octopetala.fasta \
     CarpeDeam_Dryas_octopetala_quast/quast_corrected_input/CarpeDeam_Dryas_octopetala_20_depth.fasta \
     > CarpeDeam_Dryas_octopetala_quast/contigs_reports/minimap_output/CarpeDeam_Dryas_octopetala_20_depth.coords_tmp \
     2>> CarpeDeam_Dryas_octopetala_quast/contigs_reports/contigs_report_CarpeDeam_Dryas_octopetala_20_depth.stderr
  3  Analysis is finished.

  6  Analysis is finished.

  5  Analysis is finished.

  Creating total report...
    saved to /home/augustthomasen/SIM/CarpeDeam_Dryas_octopetala_quast/contigs_reports/misassemblies_report.txt, misassemblies_report.tsv, and misassemblies_report.tex
  Transposed version of total report...
    saved to /home/augustthomasen/SIM/CarpeDeam_Dryas_octopetala_quast/contigs_reports/transposed_report_misassemblies.txt, transposed_report_misassemblies.tsv, and transposed_report_misassemblies.tex
  Creating total report...
    saved to /home/augustthomasen/SIM/CarpeDeam_Dryas_octopetala_quast/contigs_reports/unaligned_report.txt, unaligned_report.tsv, and unaligned_report.tex
Done.

2025-02-17 15:50:08
Running NA-NGA calculation...
  1  CarpeDeam_Dryas_octopetala_1000_depth, Largest alignment = 2110, NA50 = 948, NGA50 = 999, LA50 = 73, LGA50 = 60
  2  CarpeDeam_Dryas_octopetala_500_depth, Largest alignment = 1897, NA50 = 950, NGA50 = 1047, LA50 = 83, LGA50 = 60
  3  CarpeDeam_Dryas_octopetala_250_depth, Largest alignment = 1811, NA50 = 897, NGA50 = 1057, LA50 = 89, LGA50 = 61
  4  CarpeDeam_Dryas_octopetala_100_depth, Largest alignment = 1769, NA50 = 818, NGA50 = 840, LA50 = 84, LGA50 = 75
  5  CarpeDeam_Dryas_octopetala_50_depth, Largest alignment = 1414, NA50 = 738, NGA50 = 611, LA50 = 58, LGA50 = 97
  6  CarpeDeam_Dryas_octopetala_20_depth, Largest alignment = 817, NA50 = 627, LA50 = 6
Done.

2025-02-17 15:50:08
Running Genome analyzer...
  NOTICE: No file with genomic features were provided. Use the --features option if you want to specify it.

  NOTICE: No file with operons were provided. Use the -O option if you want to specify it.
  1  CarpeDeam_Dryas_octopetala_1000_depth
  2  CarpeDeam_Dryas_octopetala_500_depth
  3  CarpeDeam_Dryas_octopetala_250_depth
  4  CarpeDeam_Dryas_octopetala_100_depth
  4  Analysis is finished.
  5  CarpeDeam_Dryas_octopetala_50_depth
  2  Analysis is finished.
  6  CarpeDeam_Dryas_octopetala_20_depth
  3  Analysis is finished.
  1  Analysis is finished.
  6  Analysis is finished.
  5  Analysis is finished.
Done.

NOTICE: Genes are not predicted by default. Use --gene-finding or --glimmer option to enable it.

2025-02-17 15:50:08
Creating large visual summaries...
This may take a while: press Ctrl-C to skip this step..
  1 of 1: Creating Icarus viewers...
Done

2025-02-17 15:50:08
RESULTS:
  Text versions of total report are saved to /home/augustthomasen/SIM/CarpeDeam_Dryas_octopetala_quast/report.txt, report.tsv, and report.tex
  Text versions of transposed total report are saved to /home/augustthomasen/SIM/CarpeDeam_Dryas_octopetala_quast/transposed_report.txt, transposed_report.tsv, and transposed_report.tex
  HTML version (interactive tables and plots) is saved to /home/augustthomasen/SIM/CarpeDeam_Dryas_octopetala_quast/report.html
  Icarus (contig browser) is saved to /home/augustthomasen/SIM/CarpeDeam_Dryas_octopetala_quast/icarus.html
  Log is saved to /home/augustthomasen/SIM/CarpeDeam_Dryas_octopetala_quast/quast.log

Finished: 2025-02-17 15:50:08
Elapsed time: 0:00:00.588537
NOTICEs: 4; WARNINGs: 2; non-fatal ERRORs: 0

Thank you for using QUAST!
